 WARN [2015-03-09 12:40:29,566] (ComponentFactory.java:getComponentBean:1154) - Unable to get component for id 'ExternalDataSource': Unable to get bean for id 'ExternalDataSource'
 WARN [2015-03-09 12:40:29,596] (ComponentFactory.java:getComponentBean:1154) - Unable to get component for id 'SynonymDictionary': Unable to get bean for id 'SynonymDictionary'
 WARN [2015-03-09 12:40:31,826] (ComponentFactory.java:getComponentBean:1154) - Unable to get component for id 'ExternalDataSource': Unable to get bean for id 'ExternalDataSource'
 WARN [2015-03-09 12:40:31,848] (ComponentFactory.java:getComponentBean:1154) - Unable to get component for id 'SynonymDictionary': Unable to get bean for id 'SynonymDictionary'
 WARN [2015-03-09 12:41:50,832] (ProjectController.java:handleRetrieveResults:772) - Failed to retrieve: 'Salesforce Connected Apps/package.xml': Metadata API received improper input. Please ensure file name and capitalization is correct. Load of metadata from db failed for metadata of type:ConnectedApp and file name:Forcecom_IDE.
 WARN [2015-03-09 12:41:50,836] (ProjectController.java:handleRetrieveResults:772) - Failed to retrieve: 'Salesforce Connected Apps/package.xml': Metadata API received improper input. Please ensure file name and capitalization is correct. Load of metadata from db failed for metadata of type:ConnectedApp and file name:Dataloader_Partner.
 WARN [2015-03-09 12:41:50,837] (ProjectController.java:handleRetrieveResults:772) - Failed to retrieve: 'Salesforce Connected Apps/package.xml': Metadata API received improper input. Please ensure file name and capitalization is correct. Load of metadata from db failed for metadata of type:ConnectedApp and file name:Salesforce_Mobile_Dashboards.
 WARN [2015-03-09 12:41:50,839] (ProjectController.java:handleRetrieveResults:772) - Failed to retrieve: 'Salesforce Connected Apps/package.xml': Metadata API received improper input. Please ensure file name and capitalization is correct. Load of metadata from db failed for metadata of type:ConnectedApp and file name:Forcecom_Migration_Tool.
 WARN [2015-03-09 12:41:50,840] (ProjectController.java:handleRetrieveResults:772) - Failed to retrieve: 'Salesforce Connected Apps/package.xml': Metadata API received improper input. Please ensure file name and capitalization is correct. Load of metadata from db failed for metadata of type:ConnectedApp and file name:Salesforce_for_Outlook.
 WARN [2015-03-09 12:41:50,841] (ProjectController.java:handleRetrieveResults:772) - Failed to retrieve: 'Salesforce Connected Apps/package.xml': Metadata API received improper input. Please ensure file name and capitalization is correct. Load of metadata from db failed for metadata of type:ConnectedApp and file name:Salesforce_Touch.
 WARN [2015-03-09 12:41:50,842] (ProjectController.java:handleRetrieveResults:772) - Failed to retrieve: 'Salesforce Connected Apps/package.xml': Metadata API received improper input. Please ensure file name and capitalization is correct. Load of metadata from db failed for metadata of type:ConnectedApp and file name:Dataloader_Bulk.
 WARN [2015-03-09 12:41:50,843] (ProjectController.java:handleRetrieveResults:772) - Failed to retrieve: 'Salesforce Connected Apps/package.xml': Metadata API received improper input. Please ensure file name and capitalization is correct. Load of metadata from db failed for metadata of type:ConnectedApp and file name:Workbench.
 WARN [2015-03-09 12:41:50,845] (ProjectController.java:handleRetrieveResults:772) - Failed to retrieve: 'Salesforce1 and Chatter Apps/package.xml': Metadata API received improper input. Please ensure file name and capitalization is correct. Load of metadata from db failed for metadata of type:ConnectedApp and file name:Chatter_for_Android.
 WARN [2015-03-09 12:41:50,846] (ProjectController.java:handleRetrieveResults:772) - Failed to retrieve: 'Salesforce1 and Chatter Apps/package.xml': Metadata API received improper input. Please ensure file name and capitalization is correct. Load of metadata from db failed for metadata of type:ConnectedApp and file name:Chatter_Desktop.
 WARN [2015-03-09 12:41:50,847] (ProjectController.java:handleRetrieveResults:772) - Failed to retrieve: 'Salesforce1 and Chatter Apps/package.xml': Metadata API received improper input. Please ensure file name and capitalization is correct. Load of metadata from db failed for metadata of type:ConnectedApp and file name:SalesforceA.
 WARN [2015-03-09 12:41:50,849] (ProjectController.java:handleRetrieveResults:772) - Failed to retrieve: 'Salesforce1 and Chatter Apps/package.xml': Metadata API received improper input. Please ensure file name and capitalization is correct. Load of metadata from db failed for metadata of type:ConnectedApp and file name:Salesforce_Chatterbox.
 WARN [2015-03-09 12:41:50,853] (ProjectController.java:handleRetrieveResults:772) - Failed to retrieve: 'Salesforce1 and Chatter Apps/package.xml': Metadata API received improper input. Please ensure file name and capitalization is correct. Load of metadata from db failed for metadata of type:ConnectedApp and file name:Chatter_for_BlackBerry.
 WARN [2015-03-09 12:41:50,854] (ProjectController.java:handleRetrieveResults:772) - Failed to retrieve: 'Salesforce1 and Chatter Apps/package.xml': Metadata API received improper input. Please ensure file name and capitalization is correct. Load of metadata from db failed for metadata of type:ConnectedApp and file name:Salesforce1_for_Windows.
 WARN [2015-03-09 12:41:50,855] (ProjectController.java:handleRetrieveResults:772) - Failed to retrieve: 'Salesforce1 and Chatter Apps/package.xml': Metadata API received improper input. Please ensure file name and capitalization is correct. Load of metadata from db failed for metadata of type:ConnectedApp and file name:Chatter_for_iOS.
 WARN [2015-03-09 12:41:50,873] (ComponentFactory.java:getComponentByFilePath:622) - No id found for filepath 'modules/Dataloader_Bulk_oauth/ConnectivityDevConfigs/Dataloader_Bulk_oauth_devConfig.ConnectivityDevConfig', tagging as component of type 'Unknown'
 WARN [2015-03-09 12:41:50,877] (ComponentFactory.java:getComponentByFilePath:622) - No id found for filepath 'modules/Dataloader_Bulk_oauth/modules/sf_com_apps__Dataloader_Bulk_oauth', tagging as component of type 'Unknown'
 WARN [2015-03-09 12:41:50,896] (ComponentFactory.java:getComponentByFilePath:622) - No id found for filepath 'applicationManifests/Dataloader_Bulk', tagging as component of type 'Unknown'
 WARN [2015-03-09 12:41:50,901] (ComponentFactory.java:getComponentByFilePath:622) - No id found for filepath 'modules/Dataloader_P5r_oauth/ConnectivityDevConfigs/Dataloader_P5r_oauth_devConfig.ConnectivityDevConfig', tagging as component of type 'Unknown'
 WARN [2015-03-09 12:41:50,903] (ComponentFactory.java:getComponentByFilePath:622) - No id found for filepath 'modules/Dataloader_P5r_oauth/modules/sf_com_apps__Dataloader_P5r_oauth', tagging as component of type 'Unknown'
 WARN [2015-03-09 12:41:50,905] (ComponentFactory.java:getComponentByFilePath:622) - No id found for filepath 'applicationManifests/Dataloader_Partner', tagging as component of type 'Unknown'
 WARN [2015-03-09 12:41:50,908] (ComponentFactory.java:getComponentByFilePath:622) - No id found for filepath 'modules/Forcecom_IDE_oauth/ConnectivityDevConfigs/Forcecom_IDE_oauth_devConfig.ConnectivityDevConfig', tagging as component of type 'Unknown'
 WARN [2015-03-09 12:41:50,911] (ComponentFactory.java:getComponentByFilePath:622) - No id found for filepath 'modules/Forcecom_IDE_oauth/modules/sf_com_apps__Forcecom_IDE_oauth', tagging as component of type 'Unknown'
 WARN [2015-03-09 12:41:50,914] (ComponentFactory.java:getComponentByFilePath:622) - No id found for filepath 'applicationManifests/Forcecom_IDE', tagging as component of type 'Unknown'
 WARN [2015-03-09 12:41:50,919] (ComponentFactory.java:getComponentByFilePath:622) - No id found for filepath 'modules/Forcecom_Migration_Tool_oauth/ConnectivityDevConfigs/Forcecom_Migration_Tool_oauth_devConfig.ConnectivityDevConfig', tagging as component of type 'Unknown'
 WARN [2015-03-09 12:41:50,922] (ComponentFactory.java:getComponentByFilePath:622) - No id found for filepath 'modules/Forcecom_Migration_Tool_oauth/modules/sf_com_apps__Forcecom_Migration_Tool_oauth', tagging as component of type 'Unknown'
 WARN [2015-03-09 12:41:50,924] (ComponentFactory.java:getComponentByFilePath:622) - No id found for filepath 'applicationManifests/Forcecom_Migration_Tool', tagging as component of type 'Unknown'
 WARN [2015-03-09 12:41:50,926] (ComponentFactory.java:getComponentByFilePath:622) - No id found for filepath 'modules/S8e_M4e_Dashboards_oauth/ConnectivityDevConfigs/S8e_M4e_Dashboards_oauth_devConfig.ConnectivityDevConfig', tagging as component of type 'Unknown'
 WARN [2015-03-09 12:41:50,928] (ComponentFactory.java:getComponentByFilePath:622) - No id found for filepath 'modules/S8e_M4e_Dashboards_oauth/modules/sf_com_apps__S8e_M4e_Dashboards_oauth', tagging as component of type 'Unknown'
 WARN [2015-03-09 12:41:50,930] (ComponentFactory.java:getComponentByFilePath:622) - No id found for filepath 'applicationManifests/Salesforce_Mobile_Dashboards', tagging as component of type 'Unknown'
 WARN [2015-03-09 12:41:50,935] (ComponentFactory.java:getComponentByFilePath:622) - No id found for filepath 'modules/S8e_T3h_oauth/ConnectivityDevConfigs/S8e_T3h_oauth_devConfig.ConnectivityDevConfig', tagging as component of type 'Unknown'
 WARN [2015-03-09 12:41:50,937] (ComponentFactory.java:getComponentByFilePath:622) - No id found for filepath 'modules/S8e_T3h_oauth/modules/sf_com_apps__S8e_T3h_oauth', tagging as component of type 'Unknown'
 WARN [2015-03-09 12:41:50,939] (ComponentFactory.java:getComponentByFilePath:622) - No id found for filepath 'applicationManifests/Salesforce_Touch', tagging as component of type 'Unknown'
 WARN [2015-03-09 12:41:50,942] (ComponentFactory.java:getComponentByFilePath:622) - No id found for filepath 'modules/S8e_for_Outlook_oauth/ConnectivityDevConfigs/S8e_for_Outlook_oauth_devConfig.ConnectivityDevConfig', tagging as component of type 'Unknown'
 WARN [2015-03-09 12:41:50,944] (ComponentFactory.java:getComponentByFilePath:622) - No id found for filepath 'modules/S8e_for_Outlook_oauth/modules/sf_com_apps__S8e_for_Outlook_oauth', tagging as component of type 'Unknown'
 WARN [2015-03-09 12:41:50,947] (ComponentFactory.java:getComponentByFilePath:622) - No id found for filepath 'applicationManifests/Salesforce_for_Outlook', tagging as component of type 'Unknown'
 WARN [2015-03-09 12:41:50,951] (ComponentFactory.java:getComponentByFilePath:622) - No id found for filepath 'modules/Workbench_oauth_c4s/Canvases/Workbench_oauth_c4sCanvas.Canvas', tagging as component of type 'Unknown'
 WARN [2015-03-09 12:41:50,953] (ComponentFactory.java:getComponentByFilePath:622) - No id found for filepath 'modules/Workbench_oauth_c4s/modules/sf_com_apps__Workbench_oauth_c4s', tagging as component of type 'Unknown'
 WARN [2015-03-09 12:41:50,955] (ComponentFactory.java:getComponentByFilePath:622) - No id found for filepath 'modules/Workbench_oauth/ConnectivityDevConfigs/Workbench_oauth_devConfig.ConnectivityDevConfig', tagging as component of type 'Unknown'
 WARN [2015-03-09 12:41:50,957] (ComponentFactory.java:getComponentByFilePath:622) - No id found for filepath 'modules/Workbench_oauth/modules/sf_com_apps__Workbench_oauth', tagging as component of type 'Unknown'
 WARN [2015-03-09 12:41:50,959] (ComponentFactory.java:getComponentByFilePath:622) - No id found for filepath 'applicationManifests/Workbench', tagging as component of type 'Unknown'
ERROR [2015-03-09 12:41:50,961] (ProjectPackageList.java:generateComponents:481) - Filepath-zip mapping is null or empty for package 'Salesforce Connected Apps' [0A3i0000000QJA2CAO] - skipping component generation
 WARN [2015-03-09 12:41:51,062] (ComponentFactory.java:getComponentByFilePath:622) - No id found for filepath 'modules/C5r_Desktop_oauth/ConnectivityDevConfigs/C5r_Desktop_oauth_devConfig.ConnectivityDevConfig', tagging as component of type 'Unknown'
 WARN [2015-03-09 12:41:51,064] (ComponentFactory.java:getComponentByFilePath:622) - No id found for filepath 'modules/C5r_Desktop_oauth/modules/sf_chttr_apps__C5r_Desktop_oauth', tagging as component of type 'Unknown'
 WARN [2015-03-09 12:41:51,068] (ComponentFactory.java:getComponentByFilePath:622) - No id found for filepath 'applicationManifests/Chatter_Desktop', tagging as component of type 'Unknown'
 WARN [2015-03-09 12:41:51,070] (ComponentFactory.java:getComponentByFilePath:622) - No id found for filepath 'modules/C5r_for_Android_oauth_android/AndroidPushApplicationSetup/C5r_for_Android_oauth_androidAndroidPushApplicationSetup.AndroidPushApplicationSetup', tagging as component of type 'Unknown'
 WARN [2015-03-09 12:41:51,072] (ComponentFactory.java:getComponentByFilePath:622) - No id found for filepath 'modules/C5r_for_Android_oauth_android/modules/sf_chttr_apps__C5r_for_Android_oauth_android', tagging as component of type 'Unknown'
 WARN [2015-03-09 12:41:51,074] (ComponentFactory.java:getComponentByFilePath:622) - No id found for filepath 'modules/C5r_for_Android_oauth/ConnectivityDevConfigs/C5r_for_Android_oauth_devConfig.ConnectivityDevConfig', tagging as component of type 'Unknown'
 WARN [2015-03-09 12:41:51,076] (ComponentFactory.java:getComponentByFilePath:622) - No id found for filepath 'modules/C5r_for_Android_oauth/modules/sf_chttr_apps__C5r_for_Android_oauth', tagging as component of type 'Unknown'
 WARN [2015-03-09 12:41:51,078] (ComponentFactory.java:getComponentByFilePath:622) - No id found for filepath 'applicationManifests/Chatter_for_Android', tagging as component of type 'Unknown'
 WARN [2015-03-09 12:41:51,080] (ComponentFactory.java:getComponentByFilePath:622) - No id found for filepath 'modules/C5r_for_BlackBerry_oauth/ConnectivityDevConfigs/C5r_for_BlackBerry_oauth_devConfig.ConnectivityDevConfig', tagging as component of type 'Unknown'
 WARN [2015-03-09 12:41:51,085] (ComponentFactory.java:getComponentByFilePath:622) - No id found for filepath 'modules/C5r_for_BlackBerry_oauth/modules/sf_chttr_apps__C5r_for_BlackBerry_oauth', tagging as component of type 'Unknown'
 WARN [2015-03-09 12:41:51,087] (ComponentFactory.java:getComponentByFilePath:622) - No id found for filepath 'applicationManifests/Chatter_for_BlackBerry', tagging as component of type 'Unknown'
 WARN [2015-03-09 12:41:51,090] (ComponentFactory.java:getComponentByFilePath:622) - No id found for filepath 'modules/C5r_for_iOS_oauth_apple/ApplePushApplicationSetup/C5r_for_iOS_oauth_appleApplePushApplicationSetup.ApplePushApplicationSetup', tagging as component of type 'Unknown'
 WARN [2015-03-09 12:41:51,091] (ComponentFactory.java:getComponentByFilePath:622) - No id found for filepath 'modules/C5r_for_iOS_oauth_apple/modules/sf_chttr_apps__C5r_for_iOS_oauth_apple', tagging as component of type 'Unknown'
 WARN [2015-03-09 12:41:51,092] (ComponentFactory.java:getComponentByFilePath:622) - No id found for filepath 'modules/C5r_for_iOS_oauth/ConnectivityDevConfigs/C5r_for_iOS_oauth_devConfig.ConnectivityDevConfig', tagging as component of type 'Unknown'
 WARN [2015-03-09 12:41:51,094] (ComponentFactory.java:getComponentByFilePath:622) - No id found for filepath 'modules/C5r_for_iOS_oauth/modules/sf_chttr_apps__C5r_for_iOS_oauth', tagging as component of type 'Unknown'
 WARN [2015-03-09 12:41:51,095] (ComponentFactory.java:getComponentByFilePath:622) - No id found for filepath 'applicationManifests/Chatter_for_iOS', tagging as component of type 'Unknown'
 WARN [2015-03-09 12:41:51,096] (ComponentFactory.java:getComponentByFilePath:622) - No id found for filepath 'modules/S9A_oauth/ConnectivityDevConfigs/S9A_oauth_devConfig.ConnectivityDevConfig', tagging as component of type 'Unknown'
 WARN [2015-03-09 12:41:51,099] (ComponentFactory.java:getComponentByFilePath:622) - No id found for filepath 'modules/S9A_oauth/modules/sf_chttr_apps__S9A_oauth', tagging as component of type 'Unknown'
 WARN [2015-03-09 12:41:51,103] (ComponentFactory.java:getComponentByFilePath:622) - No id found for filepath 'applicationManifests/SalesforceA', tagging as component of type 'Unknown'
 WARN [2015-03-09 12:41:51,105] (ComponentFactory.java:getComponentByFilePath:622) - No id found for filepath 'modules/S8e_C8x_oauth/ConnectivityDevConfigs/S8e_C8x_oauth_devConfig.ConnectivityDevConfig', tagging as component of type 'Unknown'
 WARN [2015-03-09 12:41:51,107] (ComponentFactory.java:getComponentByFilePath:622) - No id found for filepath 'modules/S8e_C8x_oauth/modules/sf_chttr_apps__S8e_C8x_oauth', tagging as component of type 'Unknown'
 WARN [2015-03-09 12:41:51,109] (ComponentFactory.java:getComponentByFilePath:622) - No id found for filepath 'applicationManifests/Salesforce_Chatterbox', tagging as component of type 'Unknown'
ERROR [2015-03-09 12:41:51,110] (ProjectPackageList.java:generateComponents:481) - Filepath-zip mapping is null or empty for package 'Salesforce1 and Chatter Apps' [0A3i0000000UvTsCAK] - skipping component generation
 WARN [2015-03-09 12:41:51,111] (ComponentFactory.java:getComponentByFilePath:622) - No id found for filepath 'modules/S91_for_Windows_oauth/ConnectivityDevConfigs/S91_for_Windows_oauth_devConfig.ConnectivityDevConfig', tagging as component of type 'Unknown'
 WARN [2015-03-09 12:41:51,113] (ComponentFactory.java:getComponentByFilePath:622) - No id found for filepath 'modules/S91_for_Windows_oauth/modules/sf_chttr_apps__S91_for_Windows_oauth', tagging as component of type 'Unknown'
 WARN [2015-03-09 12:41:51,115] (ComponentFactory.java:getComponentByFilePath:622) - No id found for filepath 'applicationManifests/Salesforce1_for_Windows', tagging as component of type 'Unknown'
 WARN [2015-03-09 12:41:58,997] (ProjectPackageList.java:saveResources:1158) - Component list in project package 'Salesforce Connected Apps' is empty.  No resources to save.
 WARN [2015-03-09 12:42:00,690] (ProjectPackageList.java:saveResources:1158) - Component list in project package 'Salesforce1 and Chatter Apps' is empty.  No resources to save.
